12:59:17.984 [Worker-37] INFO  org.coocox.codb.common.log.ErrorLog - [C:/CooCox/CoIDE/bin\fossil.exe,clone,-A,admin,http://admin:63b4ef@data.coocox.org:9090/cgi-bin/repo/4b54d577-2379-4d05-bb0b-6d4e83be4847,C:/CooCox/CoIDE/repo\.rn\fossils\4b54d577-2379-4d05-bb0b-6d4e83be4847.fossil] executed OK 
Bytes      Cards  Artifacts     Deltas
Sent:              53          1          0          0
waiting for server...
processed: 0%         
processed: 1%         
processed: 2%         
processed: 6%         
processed: 8%         
processed: 13%         
processed: 15%         
processed: 18%         
processed: 20%         
processed: 22%         
processed: 24%         
processed: 25%         
processed: 28%         
processed: 30%         
processed: 32%         
processed: 34%         
processed: 36%         
processed: 38%         
processed: 40%         
processed: 42%         
processed: 44%         
processed: 52%         
processed: 58%         
processed: 63%         
processed: 67%         
processed: 68%         
processed: 71%         
processed: 74%         
processed: 77%         
processed: 79%         
processed: 83%         
processed: 85%         
processed: 89%         
processed: 92%         
processed: 95%         
processed: 98%         
processed: 99%         
Received:       91619         79         38          0
Sent:              58          2          0          0
waiting for server...
processed: 3%         
Received:         634          2          0          0
Total network traffic: 644 bytes sent, 92460 bytes received
Rebuilding repository meta-data...
  0.0% complete...
  2.6% complete...
  5.2% complete...
  7.8% complete...
  10.5% complete...
  13.1% complete...
  15.7% complete...
  18.4% complete...
  21.0% complete...
  23.6% complete...
  26.3% complete...
  28.9% complete...
  31.5% complete...
  34.2% complete...
  36.8% complete...
  39.4% complete...
  42.1% complete...
  44.7% complete...
  47.3% complete...
  50.0% complete...
  52.6% complete...
  55.2% complete...
  57.8% complete...
  60.5% complete...
  63.1% complete...
  65.7% complete...
  68.4% complete...
  71.0% complete...
  73.6% complete...
  76.3% complete...
  78.9% complete...
  81.5% complete...
  84.2% complete...
  86.8% complete...
  89.4% complete...
  92.1% complete...
  94.7% complete...
  97.3% complete...
  100.0% complete...
project-id: 8847d115738749fc421230b525d2c2b7111025e1
server-id:  830ecba3352174ff3b21198c6e03a7578b08f801
admin-user: admin (password is "5ae41a")

12:59:18.250 [Worker-37] INFO  org.coocox.codb.common.log.ErrorLog - [C:/CooCox/CoIDE/bin\fossil.exe,open,C:/CooCox/CoIDE/repo\.rn\fossils\4b54d577-2379-4d05-bb0b-6d4e83be4847.fossil,-latest] executed OK 
Bytes      Cards  Artifacts     Deltas
Sent:              53          1          0          0
waiting for server...
processed: 0%         
processed: 1%         
processed: 2%         
processed: 6%         
processed: 8%         
processed: 13%         
processed: 15%         
processed: 18%         
processed: 20%         
processed: 22%         
processed: 24%         
processed: 25%         
processed: 28%         
processed: 30%         
processed: 32%         
processed: 34%         
processed: 36%         
processed: 38%         
processed: 40%         
processed: 42%         
processed: 44%         
processed: 52%         
processed: 58%         
processed: 63%         
processed: 67%         
processed: 68%         
processed: 71%         
processed: 74%         
processed: 77%         
processed: 79%         
processed: 83%         
processed: 85%         
processed: 89%         
processed: 92%         
processed: 95%         
processed: 98%         
processed: 99%         
Received:       91619         79         38          0
Sent:              58          2          0          0
waiting for server...
processed: 3%         
Received:         634          2          0          0
Total network traffic: 644 bytes sent, 92460 bytes received
Rebuilding repository meta-data...
  0.0% complete...
  2.6% complete...
  5.2% complete...
  7.8% complete...
  10.5% complete...
  13.1% complete...
  15.7% complete...
  18.4% complete...
  21.0% complete...
  23.6% complete...
  26.3% complete...
  28.9% complete...
  31.5% complete...
  34.2% complete...
  36.8% complete...
  39.4% complete...
  42.1% complete...
  44.7% complete...
  47.3% complete...
  50.0% complete...
  52.6% complete...
  55.2% complete...
  57.8% complete...
  60.5% complete...
  63.1% complete...
  65.7% complete...
  68.4% complete...
  71.0% complete...
  73.6% complete...
  76.3% complete...
  78.9% complete...
  81.5% complete...
  84.2% complete...
  86.8% complete...
  89.4% complete...
  92.1% complete...
  94.7% complete...
  97.3% complete...
  100.0% complete...
project-id: 8847d115738749fc421230b525d2c2b7111025e1
server-id:  830ecba3352174ff3b21198c6e03a7578b08f801
admin-user: admin (password is "5ae41a")

12:59:18.280 [Worker-37] INFO  org.coocox.codb.common.log.ErrorLog - [C:/CooCox/CoIDE/bin\fossil.exe,close,-force] executed OK 


12:59:21.352 [Worker-37] INFO  org.coocox.codb.common.log.ErrorLog - [C:/CooCox/CoIDE/bin\fossil.exe,clone,-A,admin,http://admin:c07984@data.coocox.org:9090/cgi-bin/repo/1daf50cb-7990-4134-87d0-c023dec90dd4,C:/CooCox/CoIDE/repo\.rn\fossils\1daf50cb-7990-4134-87d0-c023dec90dd4.fossil] executed OK 
Bytes      Cards  Artifacts     Deltas
Sent:              53          1          0          0
waiting for server...
processed: 2%         
processed: 9%         
processed: 11%         
processed: 38%         
processed: 41%         
processed: 43%         
processed: 45%         
processed: 79%         
processed: 82%         
processed: 94%         
processed: 98%         
Received:        2249         13          5          0
Sent:              58          2          0          0
waiting for server...
processed: 3%         
processed: 89%         
Received:         694          3          0          0
Total network traffic: 641 bytes sent, 3129 bytes received
Rebuilding repository meta-data...
  0.0% complete...
  20.0% complete...
  40.0% complete...
  60.0% complete...
  80.0% complete...
  100.0% complete...
project-id: 82dabf1d9176a5c987d3ba84549421e7fb63adc0
server-id:  fdffdd0bf18fcc3f5637c585f229ea3365e5ff46
admin-user: admin (password is "7fca9a")

12:59:21.470 [Worker-37] INFO  org.coocox.codb.common.log.ErrorLog - [C:/CooCox/CoIDE/bin\fossil.exe,open,C:/CooCox/CoIDE/repo\.rn\fossils\1daf50cb-7990-4134-87d0-c023dec90dd4.fossil,-latest] executed OK 
doc/description.html
doc/docInfo.dat
src/main.c
project-name: <unnamed>
repository:   C:/CooCox/CoIDE/repo\.rn\fossils\1daf50cb-7990-4134-87d0-c023dec90dd4.fossil
local-root:   C:/CooCox/CoIDE/repo/Examples/1298_Blink LED with Button/
user-home:    C:/Users/Agus Edme/AppData/Local
project-code: 82dabf1d9176a5c987d3ba84549421e7fb63adc0
checkout:     29346d3433b54e3aa7d417fe60cd11298000ad03 2014-06-28 05:54:00 UTC
parent:       ddf416161fb9e16b62c90159c6a335cca58137d0 2014-06-28 05:54:30 UTC
tags:         trunk
comment:      commit the example sourceCode (user: admin)

12:59:21.515 [Worker-37] INFO  org.coocox.codb.common.log.ErrorLog - [C:/CooCox/CoIDE/bin\fossil.exe,close,-force] executed OK 


12:59:23.582 [Worker-37] INFO  org.coocox.codb.common.log.ErrorLog - [C:/CooCox/CoIDE/bin\fossil.exe,clone,-A,admin,http://admin:484f38@data.coocox.org:9090/cgi-bin/repo/3c2c2304-5cc6-4dd5-907f-d7aada3db066,C:/CooCox/CoIDE/repo\.rn\fossils\3c2c2304-5cc6-4dd5-907f-d7aada3db066.fossil] executed OK 
Bytes      Cards  Artifacts     Deltas
Sent:              53          1          0          0
waiting for server...
processed: 2%         
processed: 9%         
processed: 12%         
processed: 40%         
processed: 42%         
processed: 45%         
processed: 47%         
processed: 78%         
processed: 81%         
processed: 93%         
processed: 94%         
processed: 98%         
Received:        2171         13          5          0
Sent:              58          2          0          0
waiting for server...
processed: 3%         
processed: 89%         
Received:         694          3          0          0
Total network traffic: 645 bytes sent, 3049 bytes received
Rebuilding repository meta-data...
  0.0% complete...
  20.0% complete...
  40.0% complete...
  60.0% complete...
  80.0% complete...
  100.0% complete...
project-id: 32762dbd66ad76324b3e78cbcf52952da885a632
server-id:  7d7c3e87552b51f4fcef27f6ea4ce9edebeb9fa7
admin-user: admin (password is "972552")

12:59:23.712 [Worker-37] INFO  org.coocox.codb.common.log.ErrorLog - [C:/CooCox/CoIDE/bin\fossil.exe,open,C:/CooCox/CoIDE/repo\.rn\fossils\3c2c2304-5cc6-4dd5-907f-d7aada3db066.fossil,-latest] executed OK 
doc/description.html
doc/docInfo.dat
src/main.c
project-name: <unnamed>
repository:   C:/CooCox/CoIDE/repo\.rn\fossils\3c2c2304-5cc6-4dd5-907f-d7aada3db066.fossil
local-root:   C:/CooCox/CoIDE/repo/Examples/1299_Menggerakan 2 Motor DC/
user-home:    C:/Users/Agus Edme/AppData/Local
project-code: 32762dbd66ad76324b3e78cbcf52952da885a632
checkout:     1172471c06a2539f7aa57547f17ded9c6c3b6290 2014-07-02 09:07:49 UTC
parent:       5fd1f15f4727117e0ab4120b31239601f06c769b 2014-07-02 09:08:19 UTC
tags:         trunk
comment:      commit the example sourceCode (user: admin)

12:59:23.752 [Worker-37] INFO  org.coocox.codb.common.log.ErrorLog - [C:/CooCox/CoIDE/bin\fossil.exe,close,-force] executed OK 


12:59:25.692 [Worker-37] INFO  org.coocox.codb.common.log.ErrorLog - [C:/CooCox/CoIDE/bin\fossil.exe,clone,-A,admin,http://admin:fa772c@data.coocox.org:9090/cgi-bin/repo/eaf5d8c2-98d5-4e6c-a68c-d2b206ee4233,C:/CooCox/CoIDE/repo\.rn\fossils\eaf5d8c2-98d5-4e6c-a68c-d2b206ee4233.fossil] executed OK 


12:59:25.803 [Worker-37] INFO  org.coocox.codb.common.log.ErrorLog - [C:/CooCox/CoIDE/bin\fossil.exe,open,C:/CooCox/CoIDE/repo\.rn\fossils\eaf5d8c2-98d5-4e6c-a68c-d2b206ee4233.fossil,-latest] executed OK 
doc/description.html
doc/docInfo.dat
src/example/SysTick_LED.c
project-name: <unnamed>
repository:   C:/CooCox/CoIDE/repo\.rn\fossils\eaf5d8c2-98d5-4e6c-a68c-d2b206ee4233.fossil
local-root:   C:/CooCox/CoIDE/repo/Examples/1503_SysTick LED switching/
user-home:    C:/Users/Agus Edme/AppData/Local
project-code: bacddc3d0b6d2794076df8267bc539ab34cf696d
checkout:     9645a45372525ae2d7ad44f2d5281272486c8514 2014-08-31 12:40:19 UTC
parent:       9376005d1acf9c6057482f4a5483c146bab1467b 2014-08-31 12:40:41 UTC
tags:         trunk
comment:      commit the example sourceCode (user: admin)

12:59:25.837 [Worker-37] INFO  org.coocox.codb.common.log.ErrorLog - [C:/CooCox/CoIDE/bin\fossil.exe,close,-force] executed OK 


12:59:25.957 [Worker-37] INFO  org.coocox.codb.common.log.ProcessTimeLog - 47`54`freshExamplesByCompId`13036
